2020-02-08 22:19:57 DEBUG ClientMasterDaoImpl:31 - This is debug : 
2020-02-08 22:19:57 INFO  ClientMasterDaoImpl:35 - This is info : 
2020-02-08 22:19:57 WARN  ClientMasterDaoImpl:38 - This is warn : 
2020-02-08 22:19:57 ERROR ClientMasterDaoImpl:39 - This is error : 
2020-02-08 22:19:57 FATAL ClientMasterDaoImpl:40 - This is fatal : 
2020-02-08 22:20:02 DEBUG ClientMasterDaoImpl:31 - This is debug : 
2020-02-08 22:20:02 INFO  ClientMasterDaoImpl:35 - This is info : 
2020-02-08 22:20:02 WARN  ClientMasterDaoImpl:38 - This is warn : 
2020-02-08 22:20:02 ERROR ClientMasterDaoImpl:39 - This is error : 
2020-02-08 22:20:02 FATAL ClientMasterDaoImpl:40 - This is fatal : 
2020-02-08 22:20:03 DEBUG ClientMasterDaoImpl:31 - This is debug : 
2020-02-08 22:20:03 INFO  ClientMasterDaoImpl:35 - This is info : 
2020-02-08 22:20:03 WARN  ClientMasterDaoImpl:38 - This is warn : 
2020-02-08 22:20:03 ERROR ClientMasterDaoImpl:39 - This is error : 
2020-02-08 22:20:03 FATAL ClientMasterDaoImpl:40 - This is fatal : 
2020-02-08 22:20:04 DEBUG ClientMasterDaoImpl:31 - This is debug : 
2020-02-08 22:20:04 INFO  ClientMasterDaoImpl:35 - This is info : 
2020-02-08 22:20:04 WARN  ClientMasterDaoImpl:38 - This is warn : 
2020-02-08 22:20:04 ERROR ClientMasterDaoImpl:39 - This is error : 
2020-02-08 22:20:04 FATAL ClientMasterDaoImpl:40 - This is fatal : 
2020-02-08 22:20:04 DEBUG ClientMasterDaoImpl:31 - This is debug : 
2020-02-08 22:20:04 INFO  ClientMasterDaoImpl:35 - This is info : 
2020-02-08 22:20:04 WARN  ClientMasterDaoImpl:38 - This is warn : 
2020-02-08 22:20:04 ERROR ClientMasterDaoImpl:39 - This is error : 
2020-02-08 22:20:04 FATAL ClientMasterDaoImpl:40 - This is fatal : 
2020-02-08 22:21:03 ERROR ClientMasterDaoImpl:39 - This is error : 
2020-02-08 22:21:03 FATAL ClientMasterDaoImpl:40 - This is fatal : 
2020-02-08 22:55:37 ERROR ClientMasterDaoImpl:39 - This is error : 
2020-02-08 22:55:37 FATAL ClientMasterDaoImpl:40 - This is fatal : 
2020-02-08 23:27:47 ERROR ClientMasterDaoImpl:39 - This is error : 
2020-02-08 23:27:47 FATAL ClientMasterDaoImpl:40 - This is fatal : 
2020-02-16 16:52:06 DEBUG ClientMasterDaoImpl:30 - This is debug : 
2020-02-16 16:52:06 INFO  ClientMasterDaoImpl:34 - This is info : 
2020-02-16 16:52:06 WARN  ClientMasterDaoImpl:37 - This is warn : 
2020-02-16 16:52:06 ERROR ClientMasterDaoImpl:38 - This is error : 
2020-02-16 16:52:06 FATAL ClientMasterDaoImpl:39 - This is fatal : 
2020-02-16 16:52:13 DEBUG ClientMasterDaoImpl:30 - This is debug : 
2020-02-16 16:52:13 INFO  ClientMasterDaoImpl:34 - This is info : 
2020-02-16 16:52:13 WARN  ClientMasterDaoImpl:37 - This is warn : 
2020-02-16 16:52:13 ERROR ClientMasterDaoImpl:38 - This is error : 
2020-02-16 16:52:13 FATAL ClientMasterDaoImpl:39 - This is fatal : 
2020-02-16 16:53:04 DEBUG ClientMasterDaoImpl:30 - This is debug : 
2020-02-16 16:53:04 INFO  ClientMasterDaoImpl:34 - This is info : 
2020-02-16 16:53:04 WARN  ClientMasterDaoImpl:37 - This is warn : 
2020-02-16 16:53:04 ERROR ClientMasterDaoImpl:38 - This is error : 
2020-02-16 16:53:04 FATAL ClientMasterDaoImpl:39 - This is fatal : 
2020-02-16 16:53:16 DEBUG ClientMasterDaoImpl:30 - This is debug : 
2020-02-16 16:53:16 INFO  ClientMasterDaoImpl:34 - This is info : 
2020-02-16 16:53:16 WARN  ClientMasterDaoImpl:37 - This is warn : 
2020-02-16 16:53:16 ERROR ClientMasterDaoImpl:38 - This is error : 
2020-02-16 16:53:16 FATAL ClientMasterDaoImpl:39 - This is fatal : 
2020-02-16 16:55:55 DEBUG ClientMasterDaoImpl:30 - This is debug : 
2020-02-16 16:55:56 INFO  ClientMasterDaoImpl:34 - This is info : 
2020-02-16 16:55:56 WARN  ClientMasterDaoImpl:37 - This is warn : 
2020-02-16 16:55:56 ERROR ClientMasterDaoImpl:38 - This is error : 
2020-02-16 16:55:56 FATAL ClientMasterDaoImpl:39 - This is fatal : 
2020-02-16 16:56:29 DEBUG ClientMasterDaoImpl:30 - This is debug : 
2020-02-16 16:56:29 INFO  ClientMasterDaoImpl:34 - This is info : 
2020-02-16 16:56:29 WARN  ClientMasterDaoImpl:37 - This is warn : 
2020-02-16 16:56:29 ERROR ClientMasterDaoImpl:38 - This is error : 
2020-02-16 16:56:29 FATAL ClientMasterDaoImpl:39 - This is fatal : 
2020-02-16 17:34:12 DEBUG ClientMasterDaoImpl:30 - This is debug : 
2020-02-16 17:34:12 INFO  ClientMasterDaoImpl:34 - This is info : 
2020-02-16 17:34:12 WARN  ClientMasterDaoImpl:37 - This is warn : 
2020-02-16 17:34:12 ERROR ClientMasterDaoImpl:38 - This is error : 
2020-02-16 17:34:12 FATAL ClientMasterDaoImpl:39 - This is fatal : 
2020-02-16 17:40:30 DEBUG ClientMasterDaoImpl:30 - This is debug : 
2020-02-16 17:40:30 INFO  ClientMasterDaoImpl:34 - This is info : 
2020-02-16 17:40:30 WARN  ClientMasterDaoImpl:37 - This is warn : 
2020-02-16 17:40:30 ERROR ClientMasterDaoImpl:38 - This is error : 
2020-02-16 17:40:30 FATAL ClientMasterDaoImpl:39 - This is fatal : 
2020-02-16 17:50:02 DEBUG ClientMasterDaoImpl:30 - This is debug : 
2020-02-16 17:50:02 INFO  ClientMasterDaoImpl:34 - This is info : 
2020-02-16 17:50:02 WARN  ClientMasterDaoImpl:37 - This is warn : 
2020-02-16 17:50:02 ERROR ClientMasterDaoImpl:38 - This is error : 
2020-02-16 17:50:02 FATAL ClientMasterDaoImpl:39 - This is fatal : 
2020-02-16 17:58:56 DEBUG ClientMasterDaoImpl:30 - This is debug : 
2020-02-16 17:58:56 INFO  ClientMasterDaoImpl:34 - This is info : 
2020-02-16 17:58:56 WARN  ClientMasterDaoImpl:37 - This is warn : 
2020-02-16 17:58:56 ERROR ClientMasterDaoImpl:38 - This is error : 
2020-02-16 17:58:56 FATAL ClientMasterDaoImpl:39 - This is fatal : 
2020-02-16 17:59:45 DEBUG ClientMasterDaoImpl:30 - This is debug : 
2020-02-16 17:59:45 INFO  ClientMasterDaoImpl:34 - This is info : 
2020-02-16 17:59:45 WARN  ClientMasterDaoImpl:37 - This is warn : 
2020-02-16 17:59:45 ERROR ClientMasterDaoImpl:38 - This is error : 
2020-02-16 17:59:45 FATAL ClientMasterDaoImpl:39 - This is fatal : 
2020-02-16 18:00:19 DEBUG ClientMasterDaoImpl:30 - This is debug : 
2020-02-16 18:00:19 INFO  ClientMasterDaoImpl:34 - This is info : 
2020-02-16 18:00:19 WARN  ClientMasterDaoImpl:37 - This is warn : 
2020-02-16 18:00:19 ERROR ClientMasterDaoImpl:38 - This is error : 
2020-02-16 18:00:19 FATAL ClientMasterDaoImpl:39 - This is fatal : 
2020-02-16 18:01:39 DEBUG ClientMasterDaoImpl:30 - This is debug : 
2020-02-16 18:01:39 INFO  ClientMasterDaoImpl:34 - This is info : 
2020-02-16 18:01:39 WARN  ClientMasterDaoImpl:37 - This is warn : 
2020-02-16 18:01:39 ERROR ClientMasterDaoImpl:38 - This is error : 
2020-02-16 18:01:39 FATAL ClientMasterDaoImpl:39 - This is fatal : 
2020-02-16 22:39:10 DEBUG ClientMasterDaoImpl:64 - Controller calling - ClientMasterService - Get All Clients
2020-02-16 22:39:10 DEBUG ClientMasterDaoImpl:63 - Getting Clients : org.hibernate.query.criteria.internal.compile.CriteriaQueryTypeQueryAdapter@155defb7
2020-02-16 22:39:45 DEBUG ClientMasterDaoImpl:64 - Controller calling - ClientMasterService - Get All Clients
2020-02-16 22:39:45 DEBUG ClientMasterDaoImpl:63 - Getting Clients : org.hibernate.query.criteria.internal.compile.CriteriaQueryTypeQueryAdapter@763f4303
2020-02-16 22:39:47 DEBUG ClientMasterDaoImpl:64 - Controller calling - ClientMasterService - Get All Clients
2020-02-16 22:39:47 DEBUG ClientMasterDaoImpl:63 - Getting Clients : org.hibernate.query.criteria.internal.compile.CriteriaQueryTypeQueryAdapter@16fb3276
2020-02-16 22:42:01 DEBUG ClientMasterDaoImpl:64 - Controller calling - ClientMasterService - Get All Clients
2020-02-16 22:42:02 DEBUG ClientMasterDaoImpl:63 - Getting Clients : org.hibernate.query.criteria.internal.compile.CriteriaQueryTypeQueryAdapter@b1d82bc
2020-02-16 22:43:37 DEBUG ClientMasterDaoImpl:64 - Controller calling - ClientMasterService - Get All Clients
2020-02-16 22:43:38 DEBUG ClientMasterDaoImpl:63 - Getting Clients : org.hibernate.query.criteria.internal.compile.CriteriaQueryTypeQueryAdapter@6decd57d
2020-02-16 22:43:50 DEBUG ClientMasterDaoImpl:64 - Controller calling - ClientMasterService - Get All Clients
2020-02-16 22:43:50 DEBUG ClientMasterDaoImpl:63 - Getting Clients : org.hibernate.query.criteria.internal.compile.CriteriaQueryTypeQueryAdapter@647da47e
2020-02-16 22:44:21 DEBUG ClientMasterDaoImpl:64 - Controller calling - ClientMasterService - Get All Clients
2020-02-16 22:44:21 DEBUG ClientMasterDaoImpl:63 - Getting Clients : org.hibernate.query.criteria.internal.compile.CriteriaQueryTypeQueryAdapter@2acd7e9f
2020-02-16 22:45:08 DEBUG ClientMasterDaoImpl:64 - Controller calling - ClientMasterService - Get All Clients
2020-02-16 22:48:16 DEBUG ClientMasterDaoImpl:64 - Controller calling - ClientMasterService - Get All Clients
2020-02-16 22:48:20 DEBUG ClientMasterDaoImpl:63 - Getting Clients : org.hibernate.query.criteria.internal.compile.CriteriaQueryTypeQueryAdapter@3085ecf9
2020-02-16 22:48:25 DEBUG ClientMasterDaoImpl:64 - Controller calling - ClientMasterService - Get All Clients
2020-02-16 22:48:59 DEBUG ClientMasterDaoImpl:63 - Getting Clients : org.hibernate.query.criteria.internal.compile.CriteriaQueryTypeQueryAdapter@77cc2276
2020-02-16 22:49:36 DEBUG ClientMasterDaoImpl:64 - Controller calling - ClientMasterService - Get All Clients
2020-02-16 22:49:40 DEBUG ClientMasterDaoImpl:63 - Getting Clients : org.hibernate.query.criteria.internal.compile.CriteriaQueryTypeQueryAdapter@14a6d29
2020-02-16 22:54:47 DEBUG ClientMasterDaoImpl:64 - Controller calling - ClientMasterService - Get All Clients
2020-02-16 22:54:48 DEBUG ClientMasterDaoImpl:63 - Getting Clients : org.hibernate.query.criteria.internal.compile.CriteriaQueryTypeQueryAdapter@17a7a4d0
2020-02-16 22:54:52 DEBUG ClientMasterDaoImpl:64 - Controller calling - ClientMasterService - Get All Clients
2020-02-16 22:54:53 DEBUG ClientMasterDaoImpl:63 - Getting Clients : org.hibernate.query.criteria.internal.compile.CriteriaQueryTypeQueryAdapter@52fb4c48
2020-02-16 22:57:03 DEBUG ClientMasterDaoImpl:64 - Controller calling - ClientMasterService - Get All Clients
2020-02-16 22:57:07 DEBUG ClientMasterDaoImpl:63 - Getting Clients : org.hibernate.query.criteria.internal.compile.CriteriaQueryTypeQueryAdapter@1084a389
2020-02-16 22:58:13 DEBUG ClientMasterDaoImpl:64 - Controller calling - ClientMasterService - Get All Clients
2020-02-16 22:58:16 DEBUG ClientMasterDaoImpl:63 - Getting Clients : org.hibernate.query.criteria.internal.compile.CriteriaQueryTypeQueryAdapter@5d5ec841
2020-02-16 23:00:51 DEBUG ClientMasterDaoImpl:64 - Controller calling - ClientMasterService - Get All Clients
2020-02-16 23:00:56 DEBUG ClientMasterDaoImpl:63 - Getting Clients : org.hibernate.query.criteria.internal.compile.CriteriaQueryTypeQueryAdapter@d74cfed
2020-02-16 23:01:33 DEBUG ClientMasterDaoImpl:64 - Controller calling - ClientMasterService - Get All Clients
2020-02-16 23:01:35 DEBUG ClientMasterDaoImpl:63 - Getting Clients : org.hibernate.query.criteria.internal.compile.CriteriaQueryTypeQueryAdapter@1b065fd2
2020-02-16 23:05:26 DEBUG ClientMasterDaoImpl:64 - Controller calling - ClientMasterService - Get All Clients
2020-02-16 23:05:28 DEBUG ClientMasterDaoImpl:63 - Getting Clients : org.hibernate.query.criteria.internal.compile.CriteriaQueryTypeQueryAdapter@4964257c
2020-02-16 23:06:07 DEBUG ClientMasterDaoImpl:64 - Controller calling - ClientMasterService - Get All Clients
2020-02-16 23:06:08 DEBUG ClientMasterDaoImpl:63 - Getting Clients : org.hibernate.query.criteria.internal.compile.CriteriaQueryTypeQueryAdapter@40eeae7a
2020-02-16 23:06:55 DEBUG ClientMasterDaoImpl:64 - Controller calling - ClientMasterService - Get All Clients
2020-02-16 23:06:57 DEBUG ClientMasterDaoImpl:63 - Getting Clients : org.hibernate.query.criteria.internal.compile.CriteriaQueryTypeQueryAdapter@5c5cca07
2020-02-16 23:09:20 DEBUG ClientMasterDaoImpl:64 - Controller calling - ClientMasterService - Get All Clients
2020-02-16 23:09:21 DEBUG ClientMasterDaoImpl:64 - Getting Clients : org.hibernate.query.criteria.internal.compile.CriteriaQueryTypeQueryAdapter@34b52091
2020-02-16 23:10:05 DEBUG ClientMasterDaoImpl:64 - Controller calling - ClientMasterService - Get All Clients
2020-02-16 23:10:31 DEBUG ClientMasterDaoImpl:64 - Getting Clients : org.hibernate.query.criteria.internal.compile.CriteriaQueryTypeQueryAdapter@59bfbfcd
2020-02-16 23:23:42 DEBUG ClientMasterDaoImpl:90 - Controller calling - ClientMasterService - Insert Clients
2020-02-16 23:23:59 DEBUG ClientMasterDaoImpl:90 - Controller calling - ClientMasterService - Insert Clients
2020-02-20 20:15:05 DEBUG ClientMasterDaoImpl:90 - Controller calling - ClientMasterService - Insert Clients
2020-02-20 20:16:00 DEBUG ClientMasterDaoImpl:90 - Controller calling - ClientMasterService - Insert Clients
2020-02-20 20:17:26 DEBUG ClientMasterDaoImpl:90 - Controller calling - ClientMasterService - Insert Clients
2020-02-20 20:18:18 DEBUG ClientMasterDaoImpl:90 - Controller calling - ClientMasterService - Insert Clients
2020-02-20 20:46:47 DEBUG ClientMasterDaoImpl:117 - Controller calling - AccountMasterService - Insert Accounts and Relationship
2020-02-20 20:47:06 DEBUG ClientMasterDaoImpl:117 - Controller calling - AccountMasterService - Insert Accounts and Relationship
2020-02-20 20:47:34 DEBUG ClientMasterDaoImpl:117 - Controller calling - AccountMasterService - Insert Accounts and Relationship
2020-02-20 20:47:58 DEBUG ClientMasterDaoImpl:117 - Controller calling - AccountMasterService - Insert Accounts and Relationship
2020-02-21 19:16:16 DEBUG ClientMasterDaoImpl:117 - Controller calling - AccountMasterService - Insert Accounts and Relationship
2020-02-21 19:16:29 DEBUG ClientMasterDaoImpl:117 - Controller calling - AccountMasterService - Insert Accounts and Relationship
2020-02-21 19:19:20 DEBUG ClientMasterDaoImpl:116 - Controller calling - AccountMasterService - Insert Accounts and Relationship
2020-02-21 19:19:30 DEBUG ClientMasterDaoImpl:116 - Controller calling - AccountMasterService - Insert Accounts and Relationship
2020-02-21 19:20:10 DEBUG ClientMasterDaoImpl:116 - Controller calling - AccountMasterService - Insert Accounts and Relationship
2020-02-21 19:21:22 DEBUG ClientMasterDaoImpl:116 - Controller calling - AccountMasterService - Insert Accounts and Relationship
2020-02-21 19:23:33 DEBUG ClientMasterDaoImpl:116 - Controller calling - AccountMasterService - Insert Accounts and Relationship
2020-02-21 19:25:10 DEBUG ClientMasterDaoImpl:116 - Controller calling - AccountMasterService - Insert Accounts and Relationship
2020-02-21 19:27:08 DEBUG ClientMasterDaoImpl:116 - Controller calling - AccountMasterService - Insert Accounts and Relationship
2020-02-21 19:30:45 DEBUG ClientMasterDaoImpl:116 - Controller calling - AccountMasterService - Insert Accounts and Relationship
2020-02-21 19:31:02 DEBUG ClientMasterDaoImpl:116 - Controller calling - AccountMasterService - Insert Accounts and Relationship
2020-02-21 19:33:50 DEBUG ClientMasterDaoImpl:116 - Controller calling - AccountMasterService - Insert Accounts and Relationship
2020-02-21 19:44:29 DEBUG ClientMasterDaoImpl:116 - Controller calling - AccountMasterService - Insert Accounts and Relationship
2020-02-21 19:50:04 DEBUG ClientMasterDaoImpl:116 - Controller calling - AccountMasterService - Insert Accounts and Relationship
2020-02-21 19:50:46 DEBUG ClientMasterDaoImpl:116 - Controller calling - AccountMasterService - Insert Accounts and Relationship
2020-02-21 19:51:40 DEBUG ClientMasterDaoImpl:116 - Controller calling - AccountMasterService - Insert Accounts and Relationship
2020-02-21 19:53:10 DEBUG ClientMasterDaoImpl:116 - Controller calling - AccountMasterService - Insert Accounts and Relationship
2020-02-21 19:54:02 DEBUG ClientMasterDaoImpl:116 - Controller calling - AccountMasterService - Insert Accounts and Relationship
2020-02-21 19:55:12 DEBUG ClientMasterDaoImpl:116 - Controller calling - AccountMasterService - Insert Accounts and Relationship
2020-02-21 20:13:46 DEBUG ClientMasterDaoImpl:116 - Controller calling - AccountMasterService - Insert Accounts and Relationship
2020-02-21 20:14:06 DEBUG ClientMasterDaoImpl:116 - Controller calling - AccountMasterService - Insert Accounts and Relationship
2020-02-21 20:17:18 DEBUG ClientMasterDaoImpl:116 - Controller calling - AccountMasterService - Insert Accounts and Relationship
2020-02-21 20:17:43 DEBUG ClientMasterDaoImpl:116 - Controller calling - AccountMasterService - Insert Accounts and Relationship
2020-02-21 20:23:30 DEBUG ClientMasterDaoImpl:116 - Controller calling - AccountMasterService - Insert Accounts and Relationship
2020-02-21 20:26:56 DEBUG ClientMasterDaoImpl:116 - Controller calling - AccountMasterService - Insert Accounts and Relationship
2020-02-21 20:29:16 DEBUG ClientMasterDaoImpl:116 - Controller calling - AccountMasterService - Insert Accounts and Relationship
2020-02-21 20:34:40 DEBUG ClientMasterDaoImpl:116 - Controller calling - AccountMasterService - Insert Accounts and Relationship
2020-02-21 20:38:45 DEBUG ClientMasterDaoImpl:116 - Controller calling - AccountMasterService - Insert Accounts and Relationship
2020-02-21 20:52:30 DEBUG ClientMasterDaoImpl:116 - Controller calling - AccountMasterService - Insert Accounts and Relationship
2020-02-21 21:01:16 DEBUG ClientMasterDaoImpl:116 - Controller calling - AccountMasterService - Insert Accounts and Relationship
2020-02-21 21:05:17 DEBUG ClientMasterDaoImpl:116 - Controller calling - AccountMasterService - Insert Accounts and Relationship
2020-02-21 21:19:52 DEBUG ClientMasterDaoImpl:116 - Controller calling - AccountMasterService - Insert Accounts and Relationship
2020-02-23 00:36:25 DEBUG ClientMasterDaoImpl:116 - Controller calling - AccountMasterService - Insert Accounts and Relationship
2020-02-23 00:47:57 DEBUG ClientMasterDaoImpl:116 - Controller calling - AccountMasterService - Insert Accounts and Relationship
2020-02-23 01:40:15 DEBUG ClientMasterDaoImpl:116 - Controller calling - AccountMasterService - Insert Accounts and Relationship
2020-02-23 01:44:34 DEBUG ClientMasterDaoImpl:116 - Controller calling - AccountMasterService - Insert Accounts and Relationship
2020-02-23 01:47:55 DEBUG ClientMasterDaoImpl:116 - Controller calling - AccountMasterService - Insert Accounts and Relationship
2020-02-23 01:48:16 DEBUG ClientMasterDaoImpl:116 - Controller calling - AccountMasterService - Insert Accounts and Relationship
2020-02-23 02:21:45 DEBUG ClientMasterDaoImpl:106 - Controller calling - ClientMasterService - Get All Clients
2020-02-23 02:21:46 DEBUG ClientMasterDaoImpl:63 - Getting Clients : org.hibernate.query.criteria.internal.compile.CriteriaQueryTypeQueryAdapter@7f665a4a
2020-02-23 02:21:56 DEBUG ClientMasterDaoImpl:106 - Controller calling - ClientMasterService - Get All Clients
2020-02-23 02:21:57 DEBUG ClientMasterDaoImpl:63 - Getting Clients : org.hibernate.query.criteria.internal.compile.CriteriaQueryTypeQueryAdapter@7a4fe5a1
2020-02-23 02:22:55 DEBUG ClientMasterDaoImpl:106 - Controller calling - ClientMasterService - Get All Clients
2020-02-23 02:24:04 DEBUG ClientMasterDaoImpl:63 - Getting Clients : org.hibernate.query.criteria.internal.compile.CriteriaQueryTypeQueryAdapter@67f5b44c
2020-02-23 02:25:08 DEBUG ClientMasterDaoImpl:106 - Controller calling - ClientMasterService - Get All Clients
2020-02-23 02:25:12 DEBUG ClientMasterDaoImpl:63 - Getting Clients : org.hibernate.query.criteria.internal.compile.CriteriaQueryTypeQueryAdapter@1059979e
2020-02-23 02:25:37 DEBUG ClientMasterDaoImpl:106 - Controller calling - ClientMasterService - Get All Clients
2020-02-23 02:26:06 DEBUG ClientMasterDaoImpl:63 - Getting Clients : org.hibernate.query.criteria.internal.compile.CriteriaQueryTypeQueryAdapter@22dfdc28
2020-02-23 02:27:09 DEBUG ClientMasterDaoImpl:106 - Controller calling - ClientMasterService - Get All Clients
2020-02-23 02:27:55 DEBUG ClientMasterDaoImpl:63 - Getting Clients : org.hibernate.query.criteria.internal.compile.CriteriaQueryTypeQueryAdapter@18e1fe1e
2020-02-23 02:32:01 DEBUG ClientMasterDaoImpl:106 - Controller calling - ClientMasterService - Get All Clients
2020-02-23 02:32:02 DEBUG ClientMasterDaoImpl:63 - Getting Clients : org.hibernate.query.criteria.internal.compile.CriteriaQueryTypeQueryAdapter@454f6115
2020-02-23 03:05:29 DEBUG ClientMasterDaoImpl:117 - Controller calling - ClientMasterService - Get All Clients
2020-02-23 03:05:49 DEBUG ClientMasterDaoImpl:117 - Controller calling - ClientMasterService - Get All Clients
2020-02-23 03:06:34 DEBUG ClientMasterDaoImpl:117 - Controller calling - ClientMasterService - Get All Clients
2020-02-23 03:07:25 DEBUG ClientMasterDaoImpl:111 - Controller calling - ClientMasterService - Get All Clients
2020-02-23 03:07:38 DEBUG ClientMasterDaoImpl:63 - Getting Clients : org.hibernate.query.criteria.internal.compile.CriteriaQueryTypeQueryAdapter@68ee2d22
2020-02-23 03:07:51 DEBUG ClientMasterDaoImpl:117 - Controller calling - ClientMasterService - Get All Clients
2020-02-23 03:08:46 DEBUG ClientMasterDaoImpl:117 - Controller calling - ClientMasterService - Get All Clients
2020-02-23 17:59:21 DEBUG ClientMasterDaoImpl:117 - Controller calling - ClientMasterService - Get All Clients
2020-02-23 17:59:35 DEBUG ClientMasterDaoImpl:111 - Controller calling - ClientMasterService - Get All Clients
2020-02-23 17:59:36 DEBUG ClientMasterDaoImpl:63 - Getting Clients : org.hibernate.query.criteria.internal.compile.CriteriaQueryTypeQueryAdapter@46b3c072
2020-02-23 18:00:17 DEBUG ClientMasterDaoImpl:117 - Controller calling - ClientMasterService - Get All Clients
2020-02-23 18:01:13 DEBUG ClientMasterDaoImpl:111 - Controller calling - ClientMasterService - Get All Clients
2020-02-23 18:01:14 DEBUG ClientMasterDaoImpl:63 - Getting Clients : org.hibernate.query.criteria.internal.compile.CriteriaQueryTypeQueryAdapter@449c82e5
2020-02-23 18:01:23 DEBUG ClientMasterDaoImpl:111 - Controller calling - ClientMasterService - Get All Clients
2020-02-23 18:01:25 DEBUG ClientMasterDaoImpl:63 - Getting Clients : org.hibernate.query.criteria.internal.compile.CriteriaQueryTypeQueryAdapter@63f83bb6
2020-02-23 18:04:44 DEBUG ClientMasterDaoImpl:117 - Controller calling - ClientMasterService - Get All Clients
2020-02-23 18:04:59 DEBUG ClientMasterDaoImpl:111 - Controller calling - ClientMasterService - Get All Clients
2020-02-23 18:05:00 DEBUG ClientMasterDaoImpl:63 - Getting Clients : org.hibernate.query.criteria.internal.compile.CriteriaQueryTypeQueryAdapter@43bc1dc7
2020-02-23 18:07:30 DEBUG ClientMasterDaoImpl:117 - Controller calling - ClientMasterService - Get All Clients
2020-02-23 18:07:36 DEBUG ClientMasterDaoImpl:111 - Controller calling - ClientMasterService - Get All Clients
2020-02-23 18:07:37 DEBUG ClientMasterDaoImpl:63 - Getting Clients : org.hibernate.query.criteria.internal.compile.CriteriaQueryTypeQueryAdapter@705485cf
2020-02-23 18:38:49 DEBUG ClientMasterDaoImpl:117 - Controller calling - ClientMasterService - Get All Clients
2020-02-23 18:39:03 DEBUG ClientMasterDaoImpl:111 - Controller calling - ClientMasterService - Get All Clients
2020-02-23 18:39:04 DEBUG ClientMasterDaoImpl:63 - Getting Clients : org.hibernate.query.criteria.internal.compile.CriteriaQueryTypeQueryAdapter@7642bbb9
2020-02-23 18:40:09 DEBUG ClientMasterDaoImpl:117 - Controller calling - ClientMasterService - Get All Clients
2020-02-23 18:40:13 DEBUG ClientMasterDaoImpl:111 - Controller calling - ClientMasterService - Get All Clients
2020-02-23 18:40:13 DEBUG ClientMasterDaoImpl:63 - Getting Clients : org.hibernate.query.criteria.internal.compile.CriteriaQueryTypeQueryAdapter@1a69f1e9
2020-02-23 18:47:46 DEBUG ClientMasterDaoImpl:117 - Controller calling - ClientMasterService - Get All Clients
2020-02-23 18:47:53 DEBUG ClientMasterDaoImpl:111 - Controller calling - ClientMasterService - Get All Clients
2020-02-23 18:47:54 DEBUG ClientMasterDaoImpl:63 - Getting Clients : org.hibernate.query.criteria.internal.compile.CriteriaQueryTypeQueryAdapter@bec7d97
2020-02-23 18:52:20 DEBUG ClientMasterDaoImpl:117 - Controller calling - ClientMasterService - Get All Clients
2020-02-23 18:52:22 DEBUG ClientMasterDaoImpl:111 - Controller calling - ClientMasterService - Get All Clients
2020-02-23 18:52:30 DEBUG ClientMasterDaoImpl:63 - Getting Clients : org.hibernate.query.criteria.internal.compile.CriteriaQueryTypeQueryAdapter@3729a983
2020-02-23 18:53:34 DEBUG ClientMasterDaoImpl:117 - Controller calling - ClientMasterService - Get All Clients
2020-02-23 18:53:34 DEBUG ClientMasterDaoImpl:111 - Controller calling - ClientMasterService - Get All Clients
2020-02-23 18:53:34 DEBUG ClientMasterDaoImpl:63 - Getting Clients : org.hibernate.query.criteria.internal.compile.CriteriaQueryTypeQueryAdapter@4251e76a
2020-02-23 18:53:47 DEBUG ClientMasterDaoImpl:117 - Controller calling - ClientMasterService - Get All Clients
2020-02-23 18:53:48 DEBUG ClientMasterDaoImpl:111 - Controller calling - ClientMasterService - Get All Clients
2020-02-23 18:53:48 DEBUG ClientMasterDaoImpl:63 - Getting Clients : org.hibernate.query.criteria.internal.compile.CriteriaQueryTypeQueryAdapter@33800295
2020-02-23 19:04:40 DEBUG ClientMasterDaoImpl:117 - Controller calling - ClientMasterService - Get All Clients
2020-02-23 19:05:05 DEBUG ClientMasterDaoImpl:111 - Controller calling - ClientMasterService - Get All Clients
2020-02-23 19:05:05 DEBUG ClientMasterDaoImpl:63 - Getting Clients : org.hibernate.query.criteria.internal.compile.CriteriaQueryTypeQueryAdapter@2e45de55
2020-02-23 19:14:12 DEBUG ClientMasterDaoImpl:117 - Controller calling - ClientMasterService - Get All Clients
2020-02-23 19:14:12 DEBUG ClientMasterDaoImpl:111 - Controller calling - ClientMasterService - Get All Clients
2020-02-23 19:14:12 DEBUG ClientMasterDaoImpl:63 - Getting Clients : org.hibernate.query.criteria.internal.compile.CriteriaQueryTypeQueryAdapter@58d46a96
2020-02-23 19:16:41 DEBUG ClientMasterDaoImpl:117 - Controller calling - ClientMasterService - Get All Clients
2020-02-23 19:16:42 DEBUG ClientMasterDaoImpl:111 - Controller calling - ClientMasterService - Get All Clients
2020-02-23 19:16:42 DEBUG ClientMasterDaoImpl:63 - Getting Clients : org.hibernate.query.criteria.internal.compile.CriteriaQueryTypeQueryAdapter@6f2ee6ed
2020-02-23 19:16:42 DEBUG ClientMasterDaoImpl:111 - Controller calling - ClientMasterService - Get All Clients
2020-02-23 19:16:42 DEBUG ClientMasterDaoImpl:63 - Getting Clients : org.hibernate.query.criteria.internal.compile.CriteriaQueryTypeQueryAdapter@54ecd2bd
2020-02-23 19:27:27 DEBUG ClientMasterDaoImpl:128 - Controller calling - AccountMasterService - Insert Accounts and Relationship
2020-02-23 19:29:39 DEBUG ClientMasterDaoImpl:117 - Controller calling - ClientMasterService - Get All Clients
2020-02-23 19:29:39 DEBUG ClientMasterDaoImpl:111 - Controller calling - ClientMasterService - Get All Clients
2020-02-23 19:29:40 DEBUG ClientMasterDaoImpl:63 - Getting Clients : org.hibernate.query.criteria.internal.compile.CriteriaQueryTypeQueryAdapter@5ce85005
2020-02-23 19:29:54 DEBUG ClientMasterDaoImpl:117 - Controller calling - ClientMasterService - Get All Clients
2020-02-23 19:29:54 DEBUG ClientMasterDaoImpl:111 - Controller calling - ClientMasterService - Get All Clients
2020-02-23 19:29:54 DEBUG ClientMasterDaoImpl:63 - Getting Clients : org.hibernate.query.criteria.internal.compile.CriteriaQueryTypeQueryAdapter@e51d535
2020-02-23 19:29:57 DEBUG ClientMasterDaoImpl:117 - Controller calling - ClientMasterService - Get All Clients
2020-02-23 19:29:57 DEBUG ClientMasterDaoImpl:111 - Controller calling - ClientMasterService - Get All Clients
2020-02-23 19:29:57 DEBUG ClientMasterDaoImpl:63 - Getting Clients : org.hibernate.query.criteria.internal.compile.CriteriaQueryTypeQueryAdapter@27976e7
2020-02-23 19:30:14 DEBUG ClientMasterDaoImpl:117 - Controller calling - ClientMasterService - Get All Clients
2020-02-23 19:30:14 DEBUG ClientMasterDaoImpl:111 - Controller calling - ClientMasterService - Get All Clients
2020-02-23 19:30:14 DEBUG ClientMasterDaoImpl:63 - Getting Clients : org.hibernate.query.criteria.internal.compile.CriteriaQueryTypeQueryAdapter@3b12947a
2020-02-23 19:30:14 DEBUG ClientMasterDaoImpl:111 - Controller calling - ClientMasterService - Get All Clients
2020-02-23 19:30:14 DEBUG ClientMasterDaoImpl:63 - Getting Clients : org.hibernate.query.criteria.internal.compile.CriteriaQueryTypeQueryAdapter@5f3d4a33
2020-02-23 19:30:42 DEBUG ClientMasterDaoImpl:117 - Controller calling - ClientMasterService - Get All Clients
2020-02-23 19:30:42 DEBUG ClientMasterDaoImpl:111 - Controller calling - ClientMasterService - Get All Clients
2020-02-23 19:30:42 DEBUG ClientMasterDaoImpl:63 - Getting Clients : org.hibernate.query.criteria.internal.compile.CriteriaQueryTypeQueryAdapter@2e6a0571
2020-02-23 19:30:42 DEBUG ClientMasterDaoImpl:111 - Controller calling - ClientMasterService - Get All Clients
2020-02-23 19:30:42 DEBUG ClientMasterDaoImpl:63 - Getting Clients : org.hibernate.query.criteria.internal.compile.CriteriaQueryTypeQueryAdapter@686507e
2020-02-23 19:30:58 DEBUG ClientMasterDaoImpl:117 - Controller calling - ClientMasterService - Get All Clients
2020-02-23 19:30:58 DEBUG ClientMasterDaoImpl:111 - Controller calling - ClientMasterService - Get All Clients
2020-02-23 19:30:58 DEBUG ClientMasterDaoImpl:63 - Getting Clients : org.hibernate.query.criteria.internal.compile.CriteriaQueryTypeQueryAdapter@1df05281
2020-02-23 19:31:03 DEBUG ClientMasterDaoImpl:117 - Controller calling - ClientMasterService - Get All Clients
2020-02-23 19:31:03 DEBUG ClientMasterDaoImpl:111 - Controller calling - ClientMasterService - Get All Clients
2020-02-23 19:31:03 DEBUG ClientMasterDaoImpl:63 - Getting Clients : org.hibernate.query.criteria.internal.compile.CriteriaQueryTypeQueryAdapter@2a0cf2b9
2020-02-23 19:38:40 DEBUG ClientMasterDaoImpl:123 - Controller calling - ClientMasterService - Insert Clients
2020-02-23 19:39:23 DEBUG ClientMasterDaoImpl:123 - Controller calling - ClientMasterService - Insert Clients
2020-02-23 19:41:46 DEBUG ClientMasterDaoImpl:128 - Controller calling - AccountMasterService - Insert Accounts and Relationship
2020-02-23 19:44:52 DEBUG ClientMasterDaoImpl:123 - Controller calling - ClientMasterService - Insert Clients
2020-02-23 19:45:12 DEBUG ClientMasterDaoImpl:128 - Controller calling - AccountMasterService - Insert Accounts and Relationship
2020-02-23 19:46:48 DEBUG ClientMasterDaoImpl:128 - Controller calling - AccountMasterService - Insert Accounts and Relationship
2020-02-23 19:46:48 DEBUG ClientMasterDaoImpl:111 - Controller calling - ClientMasterService - Get All Clients
2020-02-23 19:46:48 DEBUG ClientMasterDaoImpl:111 - Controller calling - ClientMasterService - Get All Clients
2020-02-23 19:48:33 DEBUG ClientMasterDaoImpl:128 - Controller calling - AccountMasterService - Insert Accounts and Relationship
2020-02-23 19:49:23 DEBUG ClientMasterDaoImpl:111 - Controller calling - ClientMasterService - Get All Clients
2020-02-23 19:49:23 DEBUG ClientMasterDaoImpl:63 - Getting Clients : org.hibernate.query.criteria.internal.compile.CriteriaQueryTypeQueryAdapter@3ea9d116
2020-02-23 19:50:24 DEBUG ClientMasterDaoImpl:111 - Controller calling - ClientMasterService - Get All Clients
2020-02-23 19:50:26 DEBUG ClientMasterDaoImpl:63 - Getting Clients : org.hibernate.query.criteria.internal.compile.CriteriaQueryTypeQueryAdapter@4756799d
2020-02-23 19:50:30 DEBUG ClientMasterDaoImpl:111 - Controller calling - ClientMasterService - Get All Clients
2020-02-23 19:50:31 DEBUG ClientMasterDaoImpl:63 - Getting Clients : org.hibernate.query.criteria.internal.compile.CriteriaQueryTypeQueryAdapter@411d0c05
2020-02-23 19:50:35 DEBUG ClientMasterDaoImpl:111 - Controller calling - ClientMasterService - Get All Clients
2020-02-23 19:50:35 DEBUG ClientMasterDaoImpl:63 - Getting Clients : org.hibernate.query.criteria.internal.compile.CriteriaQueryTypeQueryAdapter@22dfdc28
2020-02-23 19:50:35 DEBUG ClientMasterDaoImpl:111 - Controller calling - ClientMasterService - Get All Clients
2020-02-23 19:50:35 DEBUG ClientMasterDaoImpl:63 - Getting Clients : org.hibernate.query.criteria.internal.compile.CriteriaQueryTypeQueryAdapter@3dcc888c
2020-02-23 19:50:35 DEBUG ClientMasterDaoImpl:111 - Controller calling - ClientMasterService - Get All Clients
2020-02-23 19:50:35 DEBUG ClientMasterDaoImpl:63 - Getting Clients : org.hibernate.query.criteria.internal.compile.CriteriaQueryTypeQueryAdapter@69e72171
2020-02-23 19:50:35 DEBUG ClientMasterDaoImpl:111 - Controller calling - ClientMasterService - Get All Clients
2020-02-23 19:50:35 DEBUG ClientMasterDaoImpl:63 - Getting Clients : org.hibernate.query.criteria.internal.compile.CriteriaQueryTypeQueryAdapter@40a31eae
2020-02-23 19:51:24 DEBUG ClientMasterDaoImpl:128 - Controller calling - AccountMasterService - Insert Accounts and Relationship
2020-02-23 19:51:24 DEBUG ClientMasterDaoImpl:111 - Controller calling - ClientMasterService - Get All Clients
2020-02-23 19:51:24 DEBUG ClientMasterDaoImpl:63 - Getting Clients : org.hibernate.query.criteria.internal.compile.CriteriaQueryTypeQueryAdapter@120b0f41
2020-02-23 19:51:24 DEBUG ClientMasterDaoImpl:111 - Controller calling - ClientMasterService - Get All Clients
2020-02-23 19:51:24 DEBUG ClientMasterDaoImpl:63 - Getting Clients : org.hibernate.query.criteria.internal.compile.CriteriaQueryTypeQueryAdapter@553288de
2020-02-23 19:51:24 DEBUG ClientMasterDaoImpl:111 - Controller calling - ClientMasterService - Get All Clients
2020-02-23 19:51:24 DEBUG ClientMasterDaoImpl:63 - Getting Clients : org.hibernate.query.criteria.internal.compile.CriteriaQueryTypeQueryAdapter@58fe42cd
2020-02-23 20:41:04 DEBUG AccountMasterDaoImpl:74 - Getting Accounts : org.hibernate.query.criteria.internal.compile.CriteriaQueryTypeQueryAdapter@7fa33ebf
2020-02-23 20:41:04 DEBUG AccountMasterDaoImpl:74 - Getting Accounts : org.hibernate.query.criteria.internal.compile.CriteriaQueryTypeQueryAdapter@508f4046
2020-02-23 20:41:36 DEBUG AccountMasterDaoImpl:74 - Getting Accounts : org.hibernate.query.criteria.internal.compile.CriteriaQueryTypeQueryAdapter@704776b7
2020-02-23 20:41:36 DEBUG AccountMasterDaoImpl:74 - Getting Accounts : org.hibernate.query.criteria.internal.compile.CriteriaQueryTypeQueryAdapter@81c885
2020-02-23 20:41:59 DEBUG AccountMasterDaoImpl:74 - Getting Accounts : org.hibernate.query.criteria.internal.compile.CriteriaQueryTypeQueryAdapter@3631be4a
2020-02-23 20:41:59 DEBUG AccountMasterDaoImpl:74 - Getting Accounts : org.hibernate.query.criteria.internal.compile.CriteriaQueryTypeQueryAdapter@4631a0ce
2020-02-23 20:43:35 DEBUG AccountMasterDaoImpl:74 - Getting Accounts : org.hibernate.query.criteria.internal.compile.CriteriaQueryTypeQueryAdapter@64141aa6
2020-02-23 20:44:49 DEBUG AccountMasterDaoImpl:74 - Getting Accounts : org.hibernate.query.criteria.internal.compile.CriteriaQueryTypeQueryAdapter@5478a148
2020-02-23 20:44:53 DEBUG AccountMasterDaoImpl:74 - Getting Accounts : org.hibernate.query.criteria.internal.compile.CriteriaQueryTypeQueryAdapter@659707c
2020-02-23 20:44:54 DEBUG AccountMasterDaoImpl:74 - Getting Accounts : org.hibernate.query.criteria.internal.compile.CriteriaQueryTypeQueryAdapter@62b2bf25
2020-02-23 21:07:04 DEBUG AccountMasterDaoImpl:74 - Getting Accounts : org.hibernate.query.criteria.internal.compile.CriteriaQueryTypeQueryAdapter@37f226f6
2020-02-23 21:07:05 DEBUG AccountMasterDaoImpl:74 - Getting Accounts : org.hibernate.query.criteria.internal.compile.CriteriaQueryTypeQueryAdapter@147cd7e8
2020-02-23 21:08:42 DEBUG AccountMasterDaoImpl:74 - Getting Accounts : org.hibernate.query.criteria.internal.compile.CriteriaQueryTypeQueryAdapter@468f0277
2020-02-23 21:08:42 DEBUG AccountMasterDaoImpl:74 - Getting Accounts : org.hibernate.query.criteria.internal.compile.CriteriaQueryTypeQueryAdapter@6e140c0d
2020-02-23 21:08:52 DEBUG AccountMasterDaoImpl:74 - Getting Accounts : org.hibernate.query.criteria.internal.compile.CriteriaQueryTypeQueryAdapter@31ec32f4
2020-02-23 21:08:53 DEBUG AccountMasterDaoImpl:74 - Getting Accounts : org.hibernate.query.criteria.internal.compile.CriteriaQueryTypeQueryAdapter@10ab64e5
2020-02-24 14:47:22 DEBUG ClientMasterDaoImpl:129 - Controller calling - ClientMasterService - Insert Clients
2020-02-24 14:47:54 DEBUG ClientMasterDaoImpl:129 - Controller calling - ClientMasterService - Insert Clients
2020-02-24 14:48:25 DEBUG ClientMasterDaoImpl:129 - Controller calling - ClientMasterService - Insert Clients
2020-02-24 15:49:07 DEBUG ClientMasterDaoImpl:129 - Controller calling - ClientMasterService - Insert Clients
2020-02-24 15:52:25 DEBUG ClientMasterDaoImpl:129 - Controller calling - ClientMasterService - Insert Clients
2020-02-24 15:55:02 DEBUG ClientMasterDaoImpl:129 - Controller calling - ClientMasterService - Insert Clients
2020-02-24 16:04:11 DEBUG ClientMasterDaoImpl:129 - Controller calling - ClientMasterService - Insert Clients
2020-02-24 16:07:02 DEBUG ClientMasterDaoImpl:129 - Controller calling - ClientMasterService - Insert Clients
2020-02-24 16:08:18 DEBUG ClientMasterDaoImpl:129 - Controller calling - ClientMasterService - Insert Clients
2020-02-24 16:13:01 DEBUG ClientMasterDaoImpl:129 - Controller calling - ClientMasterService - Insert Clients
2020-02-24 16:16:31 DEBUG ClientMasterDaoImpl:129 - Controller calling - ClientMasterService - Insert Clients
2020-02-24 16:19:55 DEBUG ClientMasterDaoImpl:129 - Controller calling - ClientMasterService - Insert Clients
2020-02-24 16:38:31 DEBUG ClientMasterDaoImpl:129 - Controller calling - ClientMasterService - Insert Clients
2020-02-24 16:40:10 DEBUG ClientMasterDaoImpl:129 - Controller calling - ClientMasterService - Insert Clients
