2020-04-20 13:27:51 DEBUG ClientMasterDaoImpl:95 - Getting JSON object for listaccountvo
2020-06-21 09:40:57 DEBUG ClientMasterDaoImpl:95 - Getting JSON object for listaccountvo
2020-06-21 09:45:19 DEBUG ClientMasterDaoImpl:175 - Controller calling - ClientMasterService - Insert Clients
2020-06-21 09:45:19 DEBUG ClientMasterDaoImpl:88 - DAO Impl - ClientMaster - Insert Started
2020-06-21 09:45:19 DEBUG ClientMasterDaoImpl:114 - DAO Impl - ClientMaster - Insert Success
2020-06-21 11:36:09 DEBUG ClientMasterDaoImpl:137 - Getting JSON object for searchAccountVOList
2020-06-21 11:37:44 DEBUG ClientMasterDaoImpl:116 - Getting JSON object for searchClientVOList
2020-06-21 11:37:59 DEBUG ClientMasterDaoImpl:164 - Controller calling - ClientMasterService - Get All Clients
2020-06-21 11:38:23 DEBUG ClientMasterDaoImpl:164 - Controller calling - ClientMasterService - Get All Clients
2020-06-21 11:39:38 DEBUG ClientMasterDaoImpl:164 - Controller calling - ClientMasterService - Get All Clients
2020-06-21 11:39:38 DEBUG ClientMasterDaoImpl:158 - Controller calling - ClientMasterService - Get All Clients
2020-06-21 11:39:38 DEBUG ClientMasterDaoImpl:38 - DAO Impl - ClientMaster - Select Started
2020-06-21 11:39:38 DEBUG ClientMasterDaoImpl:66 - Getting Clients : org.hibernate.query.criteria.internal.compile.CriteriaQueryTypeQueryAdapter@7a7ba8d1
2020-06-21 11:39:38 DEBUG ClientMasterDaoImpl:68 - DAO Impl - ClientMaster - Select Success
2020-06-21 11:39:38 DEBUG ClientMasterDaoImpl:158 - Controller calling - ClientMasterService - Get All Clients
2020-06-21 11:39:38 DEBUG ClientMasterDaoImpl:38 - DAO Impl - ClientMaster - Select Started
2020-06-21 11:39:38 DEBUG ClientMasterDaoImpl:66 - Getting Clients : org.hibernate.query.criteria.internal.compile.CriteriaQueryTypeQueryAdapter@7630d06
2020-06-21 11:39:38 DEBUG ClientMasterDaoImpl:68 - DAO Impl - ClientMaster - Select Success
2020-06-21 11:39:47 DEBUG ClientMasterDaoImpl:164 - Controller calling - ClientMasterService - Get All Clients
2020-06-21 11:39:47 DEBUG ClientMasterDaoImpl:158 - Controller calling - ClientMasterService - Get All Clients
2020-06-21 11:39:47 DEBUG ClientMasterDaoImpl:38 - DAO Impl - ClientMaster - Select Started
2020-06-21 11:39:47 DEBUG ClientMasterDaoImpl:66 - Getting Clients : org.hibernate.query.criteria.internal.compile.CriteriaQueryTypeQueryAdapter@74be3e96
2020-06-21 11:39:47 DEBUG ClientMasterDaoImpl:68 - DAO Impl - ClientMaster - Select Success
2020-06-21 11:39:47 DEBUG ClientMasterDaoImpl:158 - Controller calling - ClientMasterService - Get All Clients
2020-06-21 11:39:47 DEBUG ClientMasterDaoImpl:38 - DAO Impl - ClientMaster - Select Started
2020-06-21 11:39:47 DEBUG ClientMasterDaoImpl:66 - Getting Clients : org.hibernate.query.criteria.internal.compile.CriteriaQueryTypeQueryAdapter@51064f73
2020-06-21 11:39:47 DEBUG ClientMasterDaoImpl:68 - DAO Impl - ClientMaster - Select Success
2020-06-21 11:39:55 DEBUG ClientMasterDaoImpl:164 - Controller calling - ClientMasterService - Get All Clients
2020-06-21 11:39:55 DEBUG ClientMasterDaoImpl:158 - Controller calling - ClientMasterService - Get All Clients
2020-06-21 11:39:55 DEBUG ClientMasterDaoImpl:38 - DAO Impl - ClientMaster - Select Started
2020-06-21 11:39:55 DEBUG ClientMasterDaoImpl:66 - Getting Clients : org.hibernate.query.criteria.internal.compile.CriteriaQueryTypeQueryAdapter@2da622e
2020-06-21 11:39:55 DEBUG ClientMasterDaoImpl:68 - DAO Impl - ClientMaster - Select Success
2020-06-21 11:39:55 DEBUG ClientMasterDaoImpl:158 - Controller calling - ClientMasterService - Get All Clients
2020-06-21 11:39:55 DEBUG ClientMasterDaoImpl:38 - DAO Impl - ClientMaster - Select Started
2020-06-21 11:39:55 DEBUG ClientMasterDaoImpl:66 - Getting Clients : org.hibernate.query.criteria.internal.compile.CriteriaQueryTypeQueryAdapter@10331f3e
2020-06-21 11:39:55 DEBUG ClientMasterDaoImpl:68 - DAO Impl - ClientMaster - Select Success
2020-06-21 11:39:59 DEBUG ClientMasterDaoImpl:164 - Controller calling - ClientMasterService - Get All Clients
2020-06-21 11:39:59 DEBUG ClientMasterDaoImpl:158 - Controller calling - ClientMasterService - Get All Clients
2020-06-21 11:39:59 DEBUG ClientMasterDaoImpl:38 - DAO Impl - ClientMaster - Select Started
2020-06-21 11:39:59 DEBUG ClientMasterDaoImpl:66 - Getting Clients : org.hibernate.query.criteria.internal.compile.CriteriaQueryTypeQueryAdapter@16ec0506
2020-06-21 11:39:59 DEBUG ClientMasterDaoImpl:68 - DAO Impl - ClientMaster - Select Success
2020-06-21 11:39:59 DEBUG ClientMasterDaoImpl:158 - Controller calling - ClientMasterService - Get All Clients
2020-06-21 11:39:59 DEBUG ClientMasterDaoImpl:38 - DAO Impl - ClientMaster - Select Started
2020-06-21 11:39:59 DEBUG ClientMasterDaoImpl:66 - Getting Clients : org.hibernate.query.criteria.internal.compile.CriteriaQueryTypeQueryAdapter@622afc5b
2020-06-21 11:39:59 DEBUG ClientMasterDaoImpl:68 - DAO Impl - ClientMaster - Select Success
2020-06-21 11:40:20 DEBUG ClientMasterDaoImpl:164 - Controller calling - ClientMasterService - Get All Clients
2020-06-21 11:40:20 DEBUG ClientMasterDaoImpl:158 - Controller calling - ClientMasterService - Get All Clients
2020-06-21 11:40:20 DEBUG ClientMasterDaoImpl:38 - DAO Impl - ClientMaster - Select Started
2020-06-21 11:40:20 DEBUG ClientMasterDaoImpl:66 - Getting Clients : org.hibernate.query.criteria.internal.compile.CriteriaQueryTypeQueryAdapter@47ce2fbf
2020-06-21 11:40:20 DEBUG ClientMasterDaoImpl:68 - DAO Impl - ClientMaster - Select Success
2020-06-21 11:40:20 DEBUG ClientMasterDaoImpl:158 - Controller calling - ClientMasterService - Get All Clients
2020-06-21 11:40:20 DEBUG ClientMasterDaoImpl:38 - DAO Impl - ClientMaster - Select Started
2020-06-21 11:40:20 DEBUG ClientMasterDaoImpl:66 - Getting Clients : org.hibernate.query.criteria.internal.compile.CriteriaQueryTypeQueryAdapter@270e2f1c
2020-06-21 11:40:20 DEBUG ClientMasterDaoImpl:68 - DAO Impl - ClientMaster - Select Success
2020-06-21 11:41:04 DEBUG ClientMasterDaoImpl:164 - Controller calling - ClientMasterService - Get All Clients
2020-06-21 11:41:04 DEBUG ClientMasterDaoImpl:158 - Controller calling - ClientMasterService - Get All Clients
2020-06-21 11:41:04 DEBUG ClientMasterDaoImpl:38 - DAO Impl - ClientMaster - Select Started
2020-06-21 11:41:04 DEBUG ClientMasterDaoImpl:66 - Getting Clients : org.hibernate.query.criteria.internal.compile.CriteriaQueryTypeQueryAdapter@504f13fe
2020-06-21 11:41:04 DEBUG ClientMasterDaoImpl:68 - DAO Impl - ClientMaster - Select Success
2020-06-21 11:41:04 DEBUG ClientMasterDaoImpl:158 - Controller calling - ClientMasterService - Get All Clients
2020-06-21 11:41:04 DEBUG ClientMasterDaoImpl:38 - DAO Impl - ClientMaster - Select Started
2020-06-21 11:41:04 DEBUG ClientMasterDaoImpl:66 - Getting Clients : org.hibernate.query.criteria.internal.compile.CriteriaQueryTypeQueryAdapter@19aa6d83
2020-06-21 11:41:04 DEBUG ClientMasterDaoImpl:68 - DAO Impl - ClientMaster - Select Success
2020-06-21 11:52:32 DEBUG ClientMasterDaoImpl:164 - Controller calling - ClientMasterService - Get All Clients
2020-06-21 11:52:32 DEBUG ClientServiceWrapperImpl:26 - Calling Rest API - http://localhost:8080/v1/getClient
2020-06-21 11:52:32 DEBUG ClientMasterDaoImpl:158 - Controller calling - ClientMasterService - Get All Clients
2020-06-21 11:52:32 DEBUG ClientMasterDaoImpl:38 - DAO Impl - ClientMaster - Select Started
2020-06-21 11:52:32 DEBUG ClientMasterDaoImpl:66 - Getting Clients : org.hibernate.query.criteria.internal.compile.CriteriaQueryTypeQueryAdapter@38591bf3
2020-06-21 11:52:32 DEBUG ClientMasterDaoImpl:68 - DAO Impl - ClientMaster - Select Success
2020-06-21 11:52:32 DEBUG ClientMasterDaoImpl:158 - Controller calling - ClientMasterService - Get All Clients
2020-06-21 11:52:32 DEBUG ClientMasterDaoImpl:38 - DAO Impl - ClientMaster - Select Started
2020-06-21 11:52:32 DEBUG ClientMasterDaoImpl:66 - Getting Clients : org.hibernate.query.criteria.internal.compile.CriteriaQueryTypeQueryAdapter@37a54e82
2020-06-21 11:52:32 DEBUG ClientMasterDaoImpl:68 - DAO Impl - ClientMaster - Select Success
2020-06-21 11:57:48 DEBUG ClientMasterDaoImpl:164 - Controller calling - ClientMasterService - Get All Clients
2020-06-21 11:57:48 DEBUG ClientServiceWrapperImpl:26 - Calling Rest API - http://localhost:8080/v1/getClient
2020-06-21 11:57:48 DEBUG ClientMasterDaoImpl:158 - Controller calling - ClientMasterService - Get All Clients
2020-06-21 11:57:48 DEBUG ClientMasterDaoImpl:38 - DAO Impl - ClientMaster - Select Started
2020-06-21 11:57:48 DEBUG ClientMasterDaoImpl:66 - Getting Clients : org.hibernate.query.criteria.internal.compile.CriteriaQueryTypeQueryAdapter@19a513c1
2020-06-21 11:57:48 DEBUG ClientMasterDaoImpl:68 - DAO Impl - ClientMaster - Select Success
2020-06-21 11:57:48 DEBUG ClientMasterDaoImpl:158 - Controller calling - ClientMasterService - Get All Clients
2020-06-21 11:57:48 DEBUG ClientMasterDaoImpl:38 - DAO Impl - ClientMaster - Select Started
2020-06-21 11:57:48 DEBUG ClientMasterDaoImpl:66 - Getting Clients : org.hibernate.query.criteria.internal.compile.CriteriaQueryTypeQueryAdapter@784774bc
2020-06-21 11:57:48 DEBUG ClientMasterDaoImpl:68 - DAO Impl - ClientMaster - Select Success
2020-06-21 11:57:49 DEBUG ClientMasterDaoImpl:164 - Controller calling - ClientMasterService - Get All Clients
2020-06-21 11:57:49 DEBUG ClientServiceWrapperImpl:26 - Calling Rest API - http://localhost:8080/v1/getClient
2020-06-21 11:57:49 DEBUG ClientMasterDaoImpl:158 - Controller calling - ClientMasterService - Get All Clients
2020-06-21 11:57:49 DEBUG ClientMasterDaoImpl:38 - DAO Impl - ClientMaster - Select Started
2020-06-21 11:57:49 DEBUG ClientMasterDaoImpl:66 - Getting Clients : org.hibernate.query.criteria.internal.compile.CriteriaQueryTypeQueryAdapter@164c39c4
2020-06-21 11:57:49 DEBUG ClientMasterDaoImpl:68 - DAO Impl - ClientMaster - Select Success
2020-06-21 11:57:49 DEBUG ClientMasterDaoImpl:158 - Controller calling - ClientMasterService - Get All Clients
2020-06-21 11:57:49 DEBUG ClientMasterDaoImpl:38 - DAO Impl - ClientMaster - Select Started
2020-06-21 11:57:49 DEBUG ClientMasterDaoImpl:66 - Getting Clients : org.hibernate.query.criteria.internal.compile.CriteriaQueryTypeQueryAdapter@61669fa7
2020-06-21 11:57:49 DEBUG ClientMasterDaoImpl:68 - DAO Impl - ClientMaster - Select Success
2020-06-21 11:57:49 DEBUG ClientMasterDaoImpl:164 - Controller calling - ClientMasterService - Get All Clients
2020-06-21 11:57:49 DEBUG ClientServiceWrapperImpl:26 - Calling Rest API - http://localhost:8080/v1/getClient
2020-06-21 11:57:49 DEBUG ClientMasterDaoImpl:158 - Controller calling - ClientMasterService - Get All Clients
2020-06-21 11:57:49 DEBUG ClientMasterDaoImpl:38 - DAO Impl - ClientMaster - Select Started
2020-06-21 11:57:49 DEBUG ClientMasterDaoImpl:66 - Getting Clients : org.hibernate.query.criteria.internal.compile.CriteriaQueryTypeQueryAdapter@6cf91258
2020-06-21 11:57:49 DEBUG ClientMasterDaoImpl:68 - DAO Impl - ClientMaster - Select Success
2020-06-21 11:57:49 DEBUG ClientMasterDaoImpl:158 - Controller calling - ClientMasterService - Get All Clients
2020-06-21 11:57:49 DEBUG ClientMasterDaoImpl:38 - DAO Impl - ClientMaster - Select Started
2020-06-21 11:57:49 DEBUG ClientMasterDaoImpl:66 - Getting Clients : org.hibernate.query.criteria.internal.compile.CriteriaQueryTypeQueryAdapter@2e08e962
2020-06-21 11:57:49 DEBUG ClientMasterDaoImpl:68 - DAO Impl - ClientMaster - Select Success
2020-06-21 12:05:36 DEBUG ClientMasterDaoImpl:164 - Controller calling - ClientMasterService - Get All Clients
2020-06-21 12:05:36 DEBUG ClientServiceWrapperImpl:26 - Calling Rest API - http://localhost:8080/v1/getClient
2020-06-21 12:05:36 DEBUG ClientServiceWrapperImpl:50 - Calling Rest API for Client ID - 38 and Client Name - null
2020-06-21 12:05:36 DEBUG ClientMasterDaoImpl:158 - Controller calling - ClientMasterService - Get All Clients
2020-06-21 12:05:36 DEBUG ClientMasterDaoImpl:38 - DAO Impl - ClientMaster - Select Started
2020-06-21 12:05:36 DEBUG ClientMasterDaoImpl:66 - Getting Clients : org.hibernate.query.criteria.internal.compile.CriteriaQueryTypeQueryAdapter@41a22716
2020-06-21 12:05:37 DEBUG ClientMasterDaoImpl:68 - DAO Impl - ClientMaster - Select Success
2020-06-21 12:05:37 DEBUG ClientServiceWrapperImpl:50 - Calling Rest API for Client ID - null and Client Name - null
2020-06-21 12:05:37 DEBUG ClientMasterDaoImpl:158 - Controller calling - ClientMasterService - Get All Clients
2020-06-21 12:05:37 DEBUG ClientMasterDaoImpl:38 - DAO Impl - ClientMaster - Select Started
2020-06-21 12:05:37 DEBUG ClientMasterDaoImpl:66 - Getting Clients : org.hibernate.query.criteria.internal.compile.CriteriaQueryTypeQueryAdapter@582a6326
2020-06-21 12:05:37 DEBUG ClientMasterDaoImpl:68 - DAO Impl - ClientMaster - Select Success
2021-04-13 16:26:19 DEBUG AccountMasterDaoImpl:24 - Service Impl - AccountMaster - Select Started
2021-04-13 16:26:19 DEBUG AccountMasterDaoImpl:38 - DAO Impl - AccountMaster - Select Started
2021-04-13 16:26:19 DEBUG AccountMasterDaoImpl:75 - DAO Impl - AccountMaster - Select Success
2021-04-13 17:45:54 DEBUG AccountMasterDaoImpl:24 - Service Impl - AccountMaster - Select Started
2021-04-13 17:45:54 DEBUG AccountMasterDaoImpl:38 - DAO Impl - AccountMaster - Select Started
2021-04-13 17:45:55 DEBUG AccountMasterDaoImpl:75 - DAO Impl - AccountMaster - Select Success
2021-04-13 17:50:05 DEBUG ClientMasterDaoImpl:57 - Getting JSON object for accountmaster
2021-04-13 20:40:57 DEBUG ClientMasterDaoImpl:57 - Getting JSON object for accountmaster
2024-05-07 11:34:02 DEBUG ClientMasterDaoImpl:137 - Getting JSON object for searchAccountVOList
2024-05-07 11:34:21 DEBUG ClientMasterDaoImpl:40 - Getting JSON object for clientmaster
2024-05-07 11:34:32 DEBUG ClientMasterDaoImpl:40 - Getting JSON object for clientmaster
2024-05-07 11:41:27 DEBUG ClientMasterDaoImpl:40 - Getting JSON object for clientmaster
2024-05-07 11:41:28 DEBUG ClientMasterDaoImpl:40 - Getting JSON object for clientmaster
2024-05-07 11:41:50 DEBUG ClientMasterDaoImpl:40 - Getting JSON object for clientmaster
2024-05-07 11:42:26 DEBUG ClientMasterDaoImpl:40 - Getting JSON object for clientmaster
2024-05-07 11:42:31 DEBUG ClientMasterDaoImpl:40 - Getting JSON object for clientmaster
2024-05-07 11:52:58 DEBUG ClientMasterDaoImpl:40 - Getting JSON object for clientmaster
2024-05-07 11:53:02 DEBUG ClientMasterDaoImpl:40 - Getting JSON object for clientmaster
